d:\训练合集\c语言平常训练学习\game1\x64\debug\vc143.pdb
d:\训练合集\c语言平常训练学习\game1\x64\debug\vc143.idb
d:\训练合集\c语言平常训练学习\game1\x64\debug\test1.obj
d:\训练合集\c语言平常训练学习\game1\x64\debug\game 1.obj
d:\训练合集\c语言平常训练学习\game1\x64\debug\game1.exe
d:\训练合集\c语言平常训练学习\game1\x64\debug\game1.ilk
d:\训练合集\c语言平常训练学习\game1\x64\debug\game1.pdb
d:\c语言练习\game1\game1\x64\debug\game 1.obj
d:\c语言练习\game1\game1\x64\debug\test1.obj
d:\c语言练习\game1\game1\x64\debug\game1.ilk
d:\c语言练习\game1\game1\x64\debug\vc143.idb
d:\c语言练习\game1\game1\x64\debug\game1.pdb
d:\c语言练习\game1\game1\x64\debug\vc143.pdb
d:\c语言练习\game1\game1\x64\debug\game1.exe
d:\c语言练习\game1\game1\x64\debug\game1.tlog\cl.command.1.tlog
d:\c语言练习\game1\game1\x64\debug\game1.tlog\cl.read.1.tlog
d:\c语言练习\game1\game1\x64\debug\game1.tlog\cl.write.1.tlog
d:\c语言练习\game1\game1\x64\debug\game1.tlog\link.command.1.tlog
d:\c语言练习\game1\game1\x64\debug\game1.tlog\link.read.1.tlog
d:\c语言练习\game1\game1\x64\debug\game1.tlog\link.write.1.tlog
